<?xml version="1.0" encoding="UTF-8"?>
<testsuite xmlns:xsi="http://www.w3.org/2001/XMLSchema-instance" xsi:noNamespaceSchemaLocation="https://maven.apache.org/surefire/maven-surefire-plugin/xsd/surefire-test-report.xsd" version="3.0.2" name="inicio.ApplicationTests" time="17.333" tests="4" errors="0" skipped="0" failures="0">
  <properties>
[...]
</properties>
  <testcase name="testProductosCategoria" classname="inicio.ApplicationTests" time="4.933">
    <system-out><![CDATA[07:42:21.405 [main] INFO org.springframework.test.context.support.AnnotationConfigContextLoaderUtils -- Could not detect default configuration classes for test class [inicio.ApplicationTests]: ApplicationTests does not declare any static, non-private, non-final, nested classes annotated with @Configuration.
07:42:21.555 [main] INFO org.springframework.boot.test.context.SpringBootTestContextBootstrapper -- Found @SpringBootConfiguration inicio.Application for test class inicio.ApplicationTests

  .   ____          _            __ _ _
 /\\ / ___'_ __ _ _(_)_ __  __ _ \ \ \ \
( ( )\___ | '_ | '_| | '_ \/ _` | \ \ \ \
 \\/  ___)| |_)| | | | | || (_| |  ) ) ) )
  '  |____| .__|_| |_|_| |_\__, | / / / /
 =========|_|==============|___/=/_/_/_/

 :: Spring Boot ::                (v3.4.5)

2025-05-11T07:42:22.323+02:00  INFO 5045 --- [03_microservicio-crud-productos-reactivo] [           main] inicio.ApplicationTests                  : Starting ApplicationTests using Java 21.0.7 with PID 5045 (started by juanjo in /home/juanjo/IdeaProjects/microservicios-reactivos-webflux-kafka/03_microservicio-crud-productos-reactivo-tienda2)
2025-05-11T07:42:22.326+02:00  INFO 5045 --- [03_microservicio-crud-productos-reactivo] [           main] inicio.ApplicationTests                  : No active profile set, falling back to 1 default profile: "default"
2025-05-11T07:42:23.992+02:00  INFO 5045 --- [03_microservicio-crud-productos-reactivo] [           main] inicio.ApplicationTests                  : Started ApplicationTests in 2.212 seconds (process running for 3.628)
]]></system-out>
    <system-err><![CDATA[Mockito is currently self-attaching to enable the inline-mock-maker. This will no longer work in future releases of the JDK. Please add Mockito as an agent to your build what is described in Mockito's documentation: https://javadoc.io/doc/org.mockito/mockito-core/latest/org/mockito/Mockito.html#0.3
WARNING: A Java agent has been loaded dynamically (/home/juanjo/.m2/repository/net/bytebuddy/byte-buddy-agent/1.15.11/byte-buddy-agent-1.15.11.jar)
WARNING: If a serviceability tool is in use, please run with -XX:+EnableDynamicAgentLoading to hide this warning
WARNING: If a serviceability tool is not in use, please run with -Djdk.instrument.traceUsage for more information
WARNING: Dynamic loading of agents will be disallowed by default in a future release
]]></system-err>
  </testcase>
  <testcase name="testEliminarProducto" classname="inicio.ApplicationTests" time="2.008"/>
  <testcase name="testAltaProducto" classname="inicio.ApplicationTests" time="3.507"/>
  <testcase name="textCatalogo" classname="inicio.ApplicationTests" time="4.006"/>
</testsuite>